{
  "stats": {
    "suites": 1,
    "tests": 2,
    "passes": 2,
    "pending": 0,
    "failures": 0,
    "start": "2025-12-02T03:17:33.039Z",
    "end": "2025-12-02T03:17:36.957Z",
    "duration": 3918,
    "testsRegistered": 2,
    "passPercent": 100,
    "pendingPercent": 0,
    "other": 0,
    "hasOther": false,
    "skipped": 0,
    "hasSkipped": false
  },
  "results": [
    {
      "uuid": "cdf672e5-a20b-4b9d-bc71-760d60ce7d8c",
      "title": "",
      "fullFile": "cypress\\e2e\\ProvaS206.cy.js",
      "file": "cypress\\e2e\\ProvaS206.cy.js",
      "beforeHooks": [],
      "afterHooks": [],
      "tests": [
        {
          "title": "Testa a pagina inicial",
          "fullTitle": "Testa a pagina inicial",
          "timedOut": null,
          "duration": 48,
          "state": "passed",
          "speed": "fast",
          "pass": true,
          "fail": false,
          "pending": false,
          "context": null,
          "code": "",
          "err": {},
          "uuid": "80acc1dc-02ab-46c7-8a4a-f1bd3d164e78",
          "parentUUID": "cdf672e5-a20b-4b9d-bc71-760d60ce7d8c",
          "isHook": false,
          "skipped": false
        }
      ],
      "suites": [
        {
          "uuid": "b13401b6-3239-42f7-b5ff-3d481325e826",
          "title": "template spec",
          "fullFile": "",
          "file": "",
          "beforeHooks": [],
          "afterHooks": [],
          "tests": [
            {
              "title": "passes",
              "fullTitle": "template spec passes",
              "timedOut": null,
              "duration": 642,
              "state": "passed",
              "speed": "fast",
              "pass": true,
              "fail": false,
              "pending": false,
              "context": null,
              "code": "cy.visit('https://example.cypress.io');",
              "err": {},
              "uuid": "8994383d-4735-4be6-b36f-90aa0c1584e8",
              "parentUUID": "b13401b6-3239-42f7-b5ff-3d481325e826",
              "isHook": false,
              "skipped": false
            }
          ],
          "suites": [],
          "passes": [
            "8994383d-4735-4be6-b36f-90aa0c1584e8"
          ],
          "failures": [],
          "pending": [],
          "skipped": [],
          "duration": 642,
          "root": false,
          "rootEmpty": false,
          "_timeout": 2000
        }
      ],
      "passes": [
        "80acc1dc-02ab-46c7-8a4a-f1bd3d164e78"
      ],
      "failures": [],
      "pending": [],
      "skipped": [],
      "duration": 48,
      "root": true,
      "rootEmpty": false,
      "_timeout": 2000
    }
  ],
  "meta": {
    "mocha": {
      "version": "7.2.0"
    },
    "mochawesome": {
      "options": {
        "quiet": false,
        "reportFilename": "mochawesome",
        "saveHtml": false,
        "saveJson": true,
        "consoleReporter": "spec",
        "useInlineDiffs": false,
        "code": true
      },
      "version": "7.1.4"
    },
    "marge": {
      "options": {
        "reportDir": "cypress/reports",
        "overwrite": false,
        "html": false,
        "json": true
      },
      "version": "6.3.2"
    }
  }
}